Using pre-set license
Built from '2020.3/staging' branch; Version is '2020.3.11f1 (99c7afb366b3) revision 10078127'; Using compiler version '192528614'; Build Type 'Release'
OS: 'Windows 10 Home; OS build 19041.1052; Version 2004; 64bit' Language: 'zh' Physical Memory: 16338 MB
BatchMode: 1, IsHumanControllingUs: 0, StartBugReporterOnCrash: 0, Is64bit: 1, IsPro: 0

 COMMAND LINE ARGUMENTS:
D:\Program Files\Unity\2020.3.11f1\Editor\Unity.exe
-adb2
-batchMode
-noUpm
-name
AssetImportWorker0
-projectPath
D:/UnityGame/Gametest/AR_Motor
-logFile
Logs/AssetImportWorker0.log
-srvPort
53084
Successfully changed project path to: D:/UnityGame/Gametest/AR_Motor
D:/UnityGame/Gametest/AR_Motor
Using Asset Import Pipeline V2.
Refreshing native plugins compatible for Editor in 35.51 ms, found 4 plugins.
Preloading 1 native plugins for Editor in 1.88 ms.
Initialize engine version: 2020.3.11f1 (99c7afb366b3)
[Subsystems] Discovering subsystems at path D:/Program Files/Unity/2020.3.11f1/Editor/Data/Resources/UnitySubsystems
[Subsystems] Discovering subsystems at path D:/UnityGame/Gametest/AR_Motor/Assets
GfxDevice: creating device client; threaded=0
Direct3D:
    Version:  Direct3D 11.0 [level 11.1]
    Renderer: NVIDIA GeForce GTX 1060 3GB (ID=0x1c02)
    Vendor:   
    VRAM:     2988 MB
    Driver:   27.21.14.5671
Shader 'PointClouds/PointSplat': fallback shader 'PointClouds/PointSplatLegacy' not found
Initialize mono
Mono path[0] = 'D:/Program Files/Unity/2020.3.11f1/Editor/Data/Managed'
Mono path[1] = 'D:/Program Files/Unity/2020.3.11f1/Editor/Data/MonoBleedingEdge/lib/mono/unityjit'
Mono config path = 'D:/Program Files/Unity/2020.3.11f1/Editor/Data/MonoBleedingEdge/etc'
Using monoOptions --debugger-agent=transport=dt_socket,embedding=1,server=y,suspend=n,address=127.0.0.1:56400
Begin MonoManager ReloadAssembly
Registering precompiled unity dll's ...
Register platform support module: D:/Program Files/Unity/2020.3.11f1/Editor/Data/PlaybackEngines/WindowsStandaloneSupport/UnityEditor.WindowsStandalone.Extensions.dll
Registered in 0.001014 seconds.
Native extension for WindowsStandalone target not found
Refreshing native plugins compatible for Editor in 29.13 ms, found 4 plugins.
Preloading 1 native plugins for Editor in 0.04 ms.
Mono: successfully reloaded assembly
- Completed reload, in  1.500 seconds
Platform modules already initialized, skipping
Registering precompiled user dll's ...
Registered in 0.006465 seconds.
Begin MonoManager ReloadAssembly
Native extension for WindowsStandalone target not found
Refreshing native plugins compatible for Editor in 0.47 ms, found 4 plugins.
Preloading 1 native plugins for Editor in 0.03 ms.
System.NullReferenceException: Object reference not set to an instance of an object
  at Vuforia.EditorClasses.ExtensionTypeProvider.GetVuforiaPackageAbsPath () [0x0004a] in <664162e2bf7f40388b13ee61d1693ae2>:0 
  at Vuforia.EditorClasses.ExtensionTypeProvider.IsPackageManager () [0x00000] in <664162e2bf7f40388b13ee61d1693ae2>:0 
  at Vuforia.EditorClasses.ExtensionTypeProvider.ResolvePluginType () [0x00009] in <664162e2bf7f40388b13ee61d1693ae2>:0 
  at Vuforia.EditorClasses.ExtensionTypeProvider.GetPluginType () [0x0000c] in <664162e2bf7f40388b13ee61d1693ae2>:0 
  at Vuforia.EditorClasses.VuforiaUtilities.IsVuforiaEnabledInPlayerSettings () [0x00000] in <664162e2bf7f40388b13ee61d1693ae2>:0 
  at VuforiaEnabledObserver..cctor () [0x00000] in <664162e2bf7f40388b13ee61d1693ae2>:0 
UnityEngine.StackTraceUtility:ExtractStackTrace ()
UnityEngine.DebugLogHandler:LogFormat (UnityEngine.LogType,UnityEngine.Object,string,object[])
UnityEngine.Logger:Log (UnityEngine.LogType,object)
UnityEngine.Debug:LogError (object)
UnityEditor.EditorAssemblies:ProcessInitializeOnLoadAttributes (System.Type[])

System.NullReferenceException: Object reference not set to an instance of an object
  at Vuforia.EditorClasses.ExtensionTypeProvider.GetVuforiaPackageAbsPath () [0x0004a] in <664162e2bf7f40388b13ee61d1693ae2>:0 
  at Vuforia.EditorClasses.ExtensionTypeProvider.IsPackageManager () [0x00000] in <664162e2bf7f40388b13ee61d1693ae2>:0 
  at Vuforia.EditorClasses.ExtensionTypeProvider.ResolvePluginType () [0x00009] in <664162e2bf7f40388b13ee61d1693ae2>:0 
  at Vuforia.EditorClasses.ExtensionTypeProvider.GetPluginType () [0x0000c] in <664162e2bf7f40388b13ee61d1693ae2>:0 
  at Vuforia.EditorClasses.VuforiaUtilities.IsVuforiaEnabledInPlayerSettings () [0x00000] in <664162e2bf7f40388b13ee61d1693ae2>:0 
  at Vuforia.EditorClasses.InitializeOnLoadVuforiaTaskRunner..cctor () [0x00015] in <664162e2bf7f40388b13ee61d1693ae2>:0 
UnityEngine.StackTraceUtility:ExtractStackTrace ()
UnityEngine.DebugLogHandler:LogFormat (UnityEngine.LogType,UnityEngine.Object,string,object[])
UnityEngine.Logger:Log (UnityEngine.LogType,object)
UnityEngine.Debug:LogError (object)
UnityEditor.EditorAssemblies:ProcessInitializeOnLoadAttributes (System.Type[])

Mono: successfully reloaded assembly
- Completed reload, in  1.025 seconds
Platform modules already initialized, skipping
========================================================================
Worker process is ready to serve import requests
Shader 'PointClouds/PointSplat': fallback shader 'PointClouds/PointSplatLegacy' not found
Launched and connected shader compiler UnityShaderCompiler.exe after 0.08 seconds
Refreshing native plugins compatible for Editor in 0.44 ms, found 4 plugins.
Preloading 1 native plugins for Editor in 0.03 ms.
Unloading 1518 Unused Serialized files (Serialized files now loaded: 0)
System memory in use before: 71.7 MB.
System memory in use after: 71.7 MB.

Unloading 48 unused Assets to reduce memory usage. Loaded Objects now: 2208.
Total: 2.310600 ms (FindLiveObjects: 0.332100 ms CreateObjectMapping: 0.066400 ms MarkObjects: 1.644700 ms  DeleteObjects: 0.266100 ms)

========================================================================
Received Import Request.
  path: Packages/com.unity.ide.visualstudio/Editor/com.unity.ide.visualstudio.asmdef
  artifactKey: Guid(b93f844d45cfcc44fa2b0eed5c9ec6bb) Importer(815301076,1909f56bfc062723c751e8b465ee728b)
Start importing Packages/com.unity.ide.visualstudio/Editor/com.unity.ide.visualstudio.asmdef using Guid(b93f844d45cfcc44fa2b0eed5c9ec6bb) Importer(815301076,1909f56bfc062723c751e8b465ee728b)  -> (artifact id: 'f7c166c5239c9f94d6347c9b443d9b01') in 0.034598 seconds
  Import took 0.054864 seconds .

========================================================================
Received Import Request.
  Time since last request: 0.000385 seconds.
  path: Packages/com.ptc.vuforia.engine/Tests/Editor/VuforiaPackageTests.asmdef
  artifactKey: Guid(1e62516da8820481ca27afa854980a20) Importer(815301076,1909f56bfc062723c751e8b465ee728b)
Start importing Packages/com.ptc.vuforia.engine/Tests/Editor/VuforiaPackageTests.asmdef using Guid(1e62516da8820481ca27afa854980a20) Importer(815301076,1909f56bfc062723c751e8b465ee728b)  -> (artifact id: '5ff603febd2b127208bca5e327ff1ee6') in 0.007254 seconds
  Import took 0.012430 seconds .

========================================================================
Received Import Request.
  Time since last request: 3.093236 seconds.
  path: Packages/com.ptc.vuforia.engine/Vuforia/Fonts/SourceSansPro.ttf
  artifactKey: Guid(6e4a1744cf113994799d3e46a7c45d99) Importer(815301076,1909f56bfc062723c751e8b465ee728b)
Start importing Packages/com.ptc.vuforia.engine/Vuforia/Fonts/SourceSansPro.ttf using Guid(6e4a1744cf113994799d3e46a7c45d99) Importer(815301076,1909f56bfc062723c751e8b465ee728b)  -> (artifact id: '40b591f72a2f10ed716c4e9d1d7f3594') in 0.205187 seconds
  Import took 0.208990 seconds .

========================================================================
Received Import Request.
  Time since last request: 1.052228 seconds.
  path: Packages/com.ptc.vuforia.engine/Vuforia/Materials/CloudRecoTarget.mat
  artifactKey: Guid(de1593a16346ab045974f1cd34fd831f) Importer(815301076,1909f56bfc062723c751e8b465ee728b)
Start importing Packages/com.ptc.vuforia.engine/Vuforia/Materials/CloudRecoTarget.mat using Guid(de1593a16346ab045974f1cd34fd831f) Importer(815301076,1909f56bfc062723c751e8b465ee728b)  -> (artifact id: '9ec9d1b74860eb9570858df8f15e3b56') in 0.127077 seconds
  Import took 0.147504 seconds .

========================================================================
Received Import Request.
  Time since last request: 0.000336 seconds.
  path: Packages/com.ptc.vuforia.engine/Vuforia/Materials/MidAirReference.mat
  artifactKey: Guid(2e9b38b0a13ba442b98571aeeb6f3849) Importer(815301076,1909f56bfc062723c751e8b465ee728b)
Start importing Packages/com.ptc.vuforia.engine/Vuforia/Materials/MidAirReference.mat using Guid(2e9b38b0a13ba442b98571aeeb6f3849) Importer(815301076,1909f56bfc062723c751e8b465ee728b)  -> (artifact id: 'bdf1fea94eacd8288709ae0fd300fccd') in 0.231790 seconds
  Import took 0.239571 seconds .

========================================================================
Received Import Request.
  Time since last request: 0.000276 seconds.
  path: Packages/com.ptc.vuforia.engine/Vuforia/Materials/StandardCutout.mat
  artifactKey: Guid(a9267223436693a4bb8e35161a24f8ba) Importer(815301076,1909f56bfc062723c751e8b465ee728b)
Start importing Packages/com.ptc.vuforia.engine/Vuforia/Materials/StandardCutout.mat using Guid(a9267223436693a4bb8e35161a24f8ba) Importer(815301076,1909f56bfc062723c751e8b465ee728b)  -> (artifact id: '51c8158c42ec63be5480104efdaee1d7') in 0.172056 seconds
  Import took 0.180300 seconds .

========================================================================
Received Import Request.
  Time since last request: 0.000287 seconds.
  path: Packages/com.ptc.vuforia.engine/Vuforia/Materials/MidAirIndicator.mat
  artifactKey: Guid(658ef14483bb4437baeced0fce0ae78a) Importer(815301076,1909f56bfc062723c751e8b465ee728b)
Start importing Packages/com.ptc.vuforia.engine/Vuforia/Materials/MidAirIndicator.mat using Guid(658ef14483bb4437baeced0fce0ae78a) Importer(815301076,1909f56bfc062723c751e8b465ee728b)  -> (artifact id: '778db1d22ecc96ad94fc09479b3eed97') in 0.203512 seconds
  Import took 0.214368 seconds .

========================================================================
Received Import Request.
  Time since last request: 0.000301 seconds.
  path: Packages/com.ptc.vuforia.engine/Vuforia/Materials/DepthMask.mat
  artifactKey: Guid(36b1f386c1720c94889ac11ac9c8c6d1) Importer(815301076,1909f56bfc062723c751e8b465ee728b)
Start importing Packages/com.ptc.vuforia.engine/Vuforia/Materials/DepthMask.mat using Guid(36b1f386c1720c94889ac11ac9c8c6d1) Importer(815301076,1909f56bfc062723c751e8b465ee728b)  -> (artifact id: '99dc4dece6e2784c9ef626276c6d925d') in 0.021188 seconds
  Import took 0.023956 seconds .

========================================================================
Received Import Request.
  Time since last request: 0.000253 seconds.
  path: Packages/com.ptc.vuforia.engine/Vuforia/Materials/ColoredLines.mat
  artifactKey: Guid(bdaddec689357db4ea505c9f4c1b3a10) Importer(815301076,1909f56bfc062723c751e8b465ee728b)
Start importing Packages/com.ptc.vuforia.engine/Vuforia/Materials/ColoredLines.mat using Guid(bdaddec689357db4ea505c9f4c1b3a10) Importer(815301076,1909f56bfc062723c751e8b465ee728b)  -> (artifact id: '798089fd4168ecd3f326d19dfa648a26') in 0.026177 seconds
  Import took 0.032583 seconds .

========================================================================
Received Import Request.
  Time since last request: 0.000255 seconds.
  path: Packages/com.ptc.vuforia.engine/Vuforia/Materials/OutlineOpaque.mat
  artifactKey: Guid(1d25c0ce72e58124fa2d482e07c9fcd8) Importer(815301076,1909f56bfc062723c751e8b465ee728b)
Start importing Packages/com.ptc.vuforia.engine/Vuforia/Materials/OutlineOpaque.mat using Guid(1d25c0ce72e58124fa2d482e07c9fcd8) Importer(815301076,1909f56bfc062723c751e8b465ee728b)  -> (artifact id: '7733edff43ceb38de51e7baffbccebd4') in 0.022767 seconds
  Import took 0.030798 seconds .

========================================================================
Received Import Request.
  Time since last request: 0.000291 seconds.
  path: Packages/com.ptc.vuforia.engine/Vuforia/Materials/DefaultTarget.mat
  artifactKey: Guid(30b97d537113d0441889f1559f555128) Importer(815301076,1909f56bfc062723c751e8b465ee728b)
Start importing Packages/com.ptc.vuforia.engine/Vuforia/Materials/DefaultTarget.mat using Guid(30b97d537113d0441889f1559f555128) Importer(815301076,1909f56bfc062723c751e8b465ee728b)  -> (artifact id: '29817e921a6ca86ddb5948036fc00d7a') in 0.019597 seconds
  Import took 0.022447 seconds .

========================================================================
Received Import Request.
  Time since last request: 0.000246 seconds.
  path: Packages/com.ptc.vuforia.engine/Vuforia/Materials/VirtualButtonPreviewMaterial.mat
  artifactKey: Guid(a88c225b69241164ab829bccf61d8845) Importer(815301076,1909f56bfc062723c751e8b465ee728b)
Start importing Packages/com.ptc.vuforia.engine/Vuforia/Materials/VirtualButtonPreviewMaterial.mat using Guid(a88c225b69241164ab829bccf61d8845) Importer(815301076,1909f56bfc062723c751e8b465ee728b)  -> (artifact id: 'de8a2a8733bbf1299d88bc85a1d0c763') in 0.147958 seconds
  Import took 0.150784 seconds .

========================================================================
Received Import Request.
  Time since last request: 0.000279 seconds.
  path: Packages/com.ptc.vuforia.engine/Vuforia/Materials/DefaultTarget.mat
  artifactKey: Guid(30b97d537113d0441889f1559f555128) Importer(815301076,1909f56bfc062723c751e8b465ee728b)
Start importing Packages/com.ptc.vuforia.engine/Vuforia/Materials/DefaultTarget.mat using Guid(30b97d537113d0441889f1559f555128) Importer(815301076,1909f56bfc062723c751e8b465ee728b)  -> (artifact id: '29817e921a6ca86ddb5948036fc00d7a') in 0.007611 seconds
  Import took 0.010574 seconds .

========================================================================
Received Import Request.
  Time since last request: 0.000282 seconds.
  path: Packages/com.ptc.vuforia.engine/Vuforia/Materials/GroundPlaneIndicator.mat
  artifactKey: Guid(1d214ea2059394d59a1960df0cad1c62) Importer(815301076,1909f56bfc062723c751e8b465ee728b)
Start importing Packages/com.ptc.vuforia.engine/Vuforia/Materials/GroundPlaneIndicator.mat using Guid(1d214ea2059394d59a1960df0cad1c62) Importer(815301076,1909f56bfc062723c751e8b465ee728b)  -> (artifact id: '767ee6a03418923b1187c8b0633531cd') in 0.163797 seconds
  Import took 0.166631 seconds .

========================================================================
Received Import Request.
  Time since last request: 0.000238 seconds.
  path: Packages/com.ptc.vuforia.engine/Vuforia/Materials/GroundPlaneReference.mat
  artifactKey: Guid(b0fca12d4e61246cfa5f9a6d26e48004) Importer(815301076,1909f56bfc062723c751e8b465ee728b)
Start importing Packages/com.ptc.vuforia.engine/Vuforia/Materials/GroundPlaneReference.mat using Guid(b0fca12d4e61246cfa5f9a6d26e48004) Importer(815301076,1909f56bfc062723c751e8b465ee728b)  -> (artifact id: '8881689c0c845ed6848a9460eb3f2ad4') in 0.203730 seconds
  Import took 0.214964 seconds .

========================================================================
Received Import Request.
  Time since last request: 0.000276 seconds.
  path: Packages/com.ptc.vuforia.engine/Vuforia/Materials/GuideView2D.mat
  artifactKey: Guid(ab44b980790e31f4c84c4c91cdab449a) Importer(815301076,1909f56bfc062723c751e8b465ee728b)
Start importing Packages/com.ptc.vuforia.engine/Vuforia/Materials/GuideView2D.mat using Guid(ab44b980790e31f4c84c4c91cdab449a) Importer(815301076,1909f56bfc062723c751e8b465ee728b)  -> (artifact id: '838c2d4e962a864cae765b488ec78383') in 0.019856 seconds
  Import took 0.022447 seconds .

========================================================================
Received Import Request.
  Time since last request: 4.595379 seconds.
  path: Packages/com.ptc.vuforia.engine/Vuforia/Prefabs/DefaultMidAirIndicator.prefab
  artifactKey: Guid(e5581564ca4d5f2479d5f1694371ef2f) Importer(815301076,1909f56bfc062723c751e8b465ee728b)
Start importing Packages/com.ptc.vuforia.engine/Vuforia/Prefabs/DefaultMidAirIndicator.prefab using Guid(e5581564ca4d5f2479d5f1694371ef2f) Importer(815301076,1909f56bfc062723c751e8b465ee728b)  -> (artifact id: 'be6d9bca4666ccaff005213258b5eb1a') in 0.084699 seconds
  Import took 0.088197 seconds .

========================================================================
Received Import Request.
  Time since last request: 0.000350 seconds.
  path: Packages/com.ptc.vuforia.engine/Vuforia/Prefabs/DefaultPlaneIndicator.prefab
  artifactKey: Guid(b9ed12c68682d5b49bfa70ee9d71602d) Importer(815301076,1909f56bfc062723c751e8b465ee728b)
Start importing Packages/com.ptc.vuforia.engine/Vuforia/Prefabs/DefaultPlaneIndicator.prefab using Guid(b9ed12c68682d5b49bfa70ee9d71602d) Importer(815301076,1909f56bfc062723c751e8b465ee728b)  -> (artifact id: '5bd82a7ccdb8480f701693fec9d9776c') in 0.086214 seconds
  Import took 0.104646 seconds .

========================================================================
Received Import Request.
  Time since last request: 0.000369 seconds.
  path: Packages/com.ptc.vuforia.engine/Vuforia/Prefabs/MidAirReference.prefab
  artifactKey: Guid(e9dc61a799fb66b4f830683886a6d761) Importer(815301076,1909f56bfc062723c751e8b465ee728b)
Start importing Packages/com.ptc.vuforia.engine/Vuforia/Prefabs/MidAirReference.prefab using Guid(e9dc61a799fb66b4f830683886a6d761) Importer(815301076,1909f56bfc062723c751e8b465ee728b)  -> (artifact id: '9d933f9b09cae258e9b20d723605da53') in 0.074857 seconds
  Import took 0.077290 seconds .

========================================================================
Received Import Request.
  Time since last request: 0.000225 seconds.
  path: Packages/com.ptc.vuforia.engine/Vuforia/Prefabs/GroundPlaneReference.prefab
  artifactKey: Guid(cf19ace87b12c2741979b9582691d60d) Importer(815301076,1909f56bfc062723c751e8b465ee728b)
Start importing Packages/com.ptc.vuforia.engine/Vuforia/Prefabs/GroundPlaneReference.prefab using Guid(cf19ace87b12c2741979b9582691d60d) Importer(815301076,1909f56bfc062723c751e8b465ee728b)  -> (artifact id: '605c0f1d128ea01751bbb548e73e8d93') in 0.071326 seconds
  Import took 0.073453 seconds .

========================================================================
Received Import Request.
  Time since last request: 0.000312 seconds.
  path: Packages/com.ptc.vuforia.engine/Vuforia/Prefabs/SessionRecorder.prefab
  artifactKey: Guid(8ce5dfe4cb6b24642b68cb2125a3004e) Importer(815301076,1909f56bfc062723c751e8b465ee728b)
Start importing Packages/com.ptc.vuforia.engine/Vuforia/Prefabs/SessionRecorder.prefab using Guid(8ce5dfe4cb6b24642b68cb2125a3004e) Importer(815301076,1909f56bfc062723c751e8b465ee728b)  -> (artifact id: '8c6bf1d9101fec8e9bcc113603f40922') in 0.131181 seconds
  Import took 0.137340 seconds .

========================================================================
Received Import Request.
  Time since last request: 10.873974 seconds.
  path: Packages/com.ptc.vuforia.engine/Vuforia/Sprites/clean_storage_disabled_icon.png
  artifactKey: Guid(78ae00a5ca21c47aebb62921bfb70210) Importer(815301076,1909f56bfc062723c751e8b465ee728b)
Start importing Packages/com.ptc.vuforia.engine/Vuforia/Sprites/clean_storage_disabled_icon.png using Guid(78ae00a5ca21c47aebb62921bfb70210) Importer(815301076,1909f56bfc062723c751e8b465ee728b)  -> (artifact id: 'fbd4af38b21452e7c0354ab48f3e5107') in 0.074668 seconds
  Import took 0.095180 seconds .

========================================================================
Received Import Request.
  Time since last request: 0.000299 seconds.
  path: Packages/com.ptc.vuforia.engine/Vuforia/Sprites/record_icon.png
  artifactKey: Guid(ab4add1f75b2349b9938b3e39253fc09) Importer(815301076,1909f56bfc062723c751e8b465ee728b)
Start importing Packages/com.ptc.vuforia.engine/Vuforia/Sprites/record_icon.png using Guid(ab4add1f75b2349b9938b3e39253fc09) Importer(815301076,1909f56bfc062723c751e8b465ee728b)  -> (artifact id: '460c2199a26628d494c4bfaaae1a4339') in 0.017335 seconds
  Import took 0.028976 seconds .

========================================================================
Received Import Request.
  Time since last request: 0.000309 seconds.
  path: Packages/com.ptc.vuforia.engine/Vuforia/Sprites/clean_storage_pressed_icon.png
  artifactKey: Guid(f19ffa5b1cfba46e5aee7af994478d93) Importer(815301076,1909f56bfc062723c751e8b465ee728b)
Start importing Packages/com.ptc.vuforia.engine/Vuforia/Sprites/clean_storage_pressed_icon.png using Guid(f19ffa5b1cfba46e5aee7af994478d93) Importer(815301076,1909f56bfc062723c751e8b465ee728b)  -> (artifact id: 'a84ca74aabfcbe3f7bf0c20a9e1c8585') in 0.020201 seconds
  Import took 0.032623 seconds .

========================================================================
Received Import Request.
  Time since last request: 0.000278 seconds.
  path: Packages/com.ptc.vuforia.engine/Vuforia/Sprites/clean_storage_icon.png
  artifactKey: Guid(a6ce5ff7606724d3ea80eed2f888a6c7) Importer(815301076,1909f56bfc062723c751e8b465ee728b)
Start importing Packages/com.ptc.vuforia.engine/Vuforia/Sprites/clean_storage_icon.png using Guid(a6ce5ff7606724d3ea80eed2f888a6c7) Importer(815301076,1909f56bfc062723c751e8b465ee728b)  -> (artifact id: 'f9193093ebb9be4c911fcc8882ec1296') in 0.015963 seconds
  Import took 0.027398 seconds .

========================================================================
Received Import Request.
  Time since last request: 0.000579 seconds.
  path: Packages/com.ptc.vuforia.engine/Vuforia/Sprites/stop_record_icon.png
  artifactKey: Guid(19e91bdeab61f45539cbccbcdfb6ce38) Importer(815301076,1909f56bfc062723c751e8b465ee728b)
Start importing Packages/com.ptc.vuforia.engine/Vuforia/Sprites/stop_record_icon.png using Guid(19e91bdeab61f45539cbccbcdfb6ce38) Importer(815301076,1909f56bfc062723c751e8b465ee728b)  -> (artifact id: 'f9061579c0435d534b0aeef40ceecc98') in 0.014007 seconds
  Import took 0.017123 seconds .

========================================================================
Received Import Request.
  Time since last request: 21.898914 seconds.
  path: Packages/com.ptc.vuforia.engine/Vuforia/Textures/CloudRecoTarget.png
  artifactKey: Guid(f6153ed43853e4449924f1322300f084) Importer(815301076,1909f56bfc062723c751e8b465ee728b)
Start importing Packages/com.ptc.vuforia.engine/Vuforia/Textures/CloudRecoTarget.png using Guid(f6153ed43853e4449924f1322300f084) Importer(815301076,1909f56bfc062723c751e8b465ee728b)  -> (artifact id: '85ec283cb295df42b736432b6fba15a2') in 0.029347 seconds
  Import took 0.052008 seconds .

========================================================================
Received Import Request.
  Time since last request: 0.000750 seconds.
  path: Packages/com.ptc.vuforia.engine/Vuforia/Textures/MidAirReference.png
  artifactKey: Guid(e21dffdcc7917472c9827aa5e2387fe8) Importer(815301076,1909f56bfc062723c751e8b465ee728b)
Start importing Packages/com.ptc.vuforia.engine/Vuforia/Textures/MidAirReference.png using Guid(e21dffdcc7917472c9827aa5e2387fe8) Importer(815301076,1909f56bfc062723c751e8b465ee728b)  -> (artifact id: '52784ac85687cdc8fb6da0d1bcb1544c') in 0.088944 seconds
  Import took 0.093327 seconds .

========================================================================
Received Import Request.
  Time since last request: 0.000281 seconds.
  path: Packages/com.ptc.vuforia.engine/Vuforia/Textures/VirtualButtonPreview.png
  artifactKey: Guid(dd8287d41aafb4b4bacd7e0ebf634a0c) Importer(815301076,1909f56bfc062723c751e8b465ee728b)
Start importing Packages/com.ptc.vuforia.engine/Vuforia/Textures/VirtualButtonPreview.png using Guid(dd8287d41aafb4b4bacd7e0ebf634a0c) Importer(815301076,1909f56bfc062723c751e8b465ee728b)  -> (artifact id: 'e469b86d1c4f8817434dd6f818e0ff25') in 0.011471 seconds
  Import took 0.013974 seconds .

========================================================================
Received Import Request.
  Time since last request: 0.000252 seconds.
  path: Packages/com.ptc.vuforia.engine/Vuforia/Textures/GroundPlaneReference.png
  artifactKey: Guid(5f131b079790d4251836bc73b812b53d) Importer(815301076,1909f56bfc062723c751e8b465ee728b)
Start importing Packages/com.ptc.vuforia.engine/Vuforia/Textures/GroundPlaneReference.png using Guid(5f131b079790d4251836bc73b812b53d) Importer(815301076,1909f56bfc062723c751e8b465ee728b)  -> (artifact id: '4df0705758a7ab4be5620843260a12b2') in 0.068795 seconds
  Import took 0.080570 seconds .

========================================================================
Received Import Request.
  Time since last request: 0.000440 seconds.
  path: Packages/com.ptc.vuforia.engine/Vuforia/Textures/Reticle.png
  artifactKey: Guid(1e424f48fda62483aa0c9eec616e0cc8) Importer(815301076,1909f56bfc062723c751e8b465ee728b)
Start importing Packages/com.ptc.vuforia.engine/Vuforia/Textures/Reticle.png using Guid(1e424f48fda62483aa0c9eec616e0cc8) Importer(815301076,1909f56bfc062723c751e8b465ee728b)  -> (artifact id: '1af6b816fa2c8b7eb4d4677a3f4b5bc2') in 0.069107 seconds
  Import took 0.080234 seconds .

========================================================================
Received Import Request.
  Time since last request: 0.000293 seconds.
  path: Packages/com.ptc.vuforia.engine/Vuforia/Textures/VideoBackground.png
  artifactKey: Guid(d46decd9d3bbf0d46b31a3d4ae0f18ff) Importer(815301076,1909f56bfc062723c751e8b465ee728b)
Start importing Packages/com.ptc.vuforia.engine/Vuforia/Textures/VideoBackground.png using Guid(d46decd9d3bbf0d46b31a3d4ae0f18ff) Importer(815301076,1909f56bfc062723c751e8b465ee728b)  -> (artifact id: '8808e11b1c7849c6e07d6f5b446ac52d') in 0.046407 seconds
  Import took 0.049055 seconds .

========================================================================
Received Import Request.
  Time since last request: 66.724271 seconds.
  path: Packages/com.unity.subsystemregistration/package.json
  artifactKey: Guid(39ae12a67d2824dda9cb95e774ab4ab1) Importer(815301076,1909f56bfc062723c751e8b465ee728b)
Start importing Packages/com.unity.subsystemregistration/package.json using Guid(39ae12a67d2824dda9cb95e774ab4ab1) Importer(815301076,1909f56bfc062723c751e8b465ee728b)  -> (artifact id: '2e6adc18a2d55a006ca44542881dae8c') in 0.105105 seconds
  Import took 0.107732 seconds .

========================================================================
Received Prepare
Registering precompiled user dll's ...
Registered in 0.007970 seconds.
Begin MonoManager ReloadAssembly
Native extension for WindowsStandalone target not found
Refreshing native plugins compatible for Editor in 0.50 ms, found 4 plugins.
Preloading 1 native plugins for Editor in 0.05 ms.
System.NullReferenceException: Object reference not set to an instance of an object
  at Vuforia.EditorClasses.ExtensionTypeProvider.GetVuforiaPackageAbsPath () [0x0004a] in <664162e2bf7f40388b13ee61d1693ae2>:0 
  at Vuforia.EditorClasses.ExtensionTypeProvider.IsPackageManager () [0x00000] in <664162e2bf7f40388b13ee61d1693ae2>:0 
  at Vuforia.EditorClasses.ExtensionTypeProvider.ResolvePluginType () [0x00009] in <664162e2bf7f40388b13ee61d1693ae2>:0 
  at Vuforia.EditorClasses.ExtensionTypeProvider.GetPluginType () [0x0000c] in <664162e2bf7f40388b13ee61d1693ae2>:0 
  at Vuforia.EditorClasses.VuforiaUtilities.IsVuforiaEnabledInPlayerSettings () [0x00000] in <664162e2bf7f40388b13ee61d1693ae2>:0 
  at VuforiaEnabledObserver..cctor () [0x00000] in <664162e2bf7f40388b13ee61d1693ae2>:0 
UnityEngine.StackTraceUtility:ExtractStackTrace ()
UnityEngine.DebugLogHandler:LogFormat (UnityEngine.LogType,UnityEngine.Object,string,object[])
UnityEngine.Logger:Log (UnityEngine.LogType,object)
UnityEngine.Debug:LogError (object)
UnityEditor.EditorAssemblies:ProcessInitializeOnLoadAttributes (System.Type[])

System.NullReferenceException: Object reference not set to an instance of an object
  at Vuforia.EditorClasses.ExtensionTypeProvider.GetVuforiaPackageAbsPath () [0x0004a] in <664162e2bf7f40388b13ee61d1693ae2>:0 
  at Vuforia.EditorClasses.ExtensionTypeProvider.IsPackageManager () [0x00000] in <664162e2bf7f40388b13ee61d1693ae2>:0 
  at Vuforia.EditorClasses.ExtensionTypeProvider.ResolvePluginType () [0x00009] in <664162e2bf7f40388b13ee61d1693ae2>:0 
  at Vuforia.EditorClasses.ExtensionTypeProvider.GetPluginType () [0x0000c] in <664162e2bf7f40388b13ee61d1693ae2>:0 
  at Vuforia.EditorClasses.VuforiaUtilities.IsVuforiaEnabledInPlayerSettings () [0x00000] in <664162e2bf7f40388b13ee61d1693ae2>:0 
  at Vuforia.EditorClasses.InitializeOnLoadVuforiaTaskRunner..cctor () [0x00015] in <664162e2bf7f40388b13ee61d1693ae2>:0 
UnityEngine.StackTraceUtility:ExtractStackTrace ()
UnityEngine.DebugLogHandler:LogFormat (UnityEngine.LogType,UnityEngine.Object,string,object[])
UnityEngine.Logger:Log (UnityEngine.LogType,object)
UnityEngine.Debug:LogError (object)
UnityEditor.EditorAssemblies:ProcessInitializeOnLoadAttributes (System.Type[])

Mono: successfully reloaded assembly
- Completed reload, in  1.117 seconds
Platform modules already initialized, skipping
Switching build target platform(19) subTarget(0) extendedPlatform(0) -> platform(13) subTarget(537395200) extendedPlatform(0)
Shader 'PointClouds/PointSplat': fallback shader 'PointClouds/PointSplatLegacy' not found
Refreshing native plugins compatible for Editor in 0.50 ms, found 4 plugins.
Preloading 1 native plugins for Editor in 0.04 ms.
Unloading 1506 Unused Serialized files (Serialized files now loaded: 0)
System memory in use before: 74.0 MB.
System memory in use after: 74.1 MB.

Unloading 43 unused Assets to reduce memory usage. Loaded Objects now: 2268.
Total: 2.300800 ms (FindLiveObjects: 0.211900 ms CreateObjectMapping: 0.055800 ms MarkObjects: 1.959800 ms  DeleteObjects: 0.072400 ms)

AssetImportParameters requested are different than current active one (requested -> active):
  custom:graphics/normal-map-encoding: 01000000000000000000000000000000 -> 02000000000000000000000000000000
========================================================================
Received Prepare
Registering precompiled user dll's ...
Registered in 0.005963 seconds.
Begin MonoManager ReloadAssembly
Native extension for WindowsStandalone target not found
Refreshing native plugins compatible for Editor in 0.45 ms, found 4 plugins.
Preloading 1 native plugins for Editor in 0.04 ms.
System.NullReferenceException: Object reference not set to an instance of an object
  at Vuforia.EditorClasses.ExtensionTypeProvider.GetVuforiaPackageAbsPath () [0x0004a] in <664162e2bf7f40388b13ee61d1693ae2>:0 
  at Vuforia.EditorClasses.ExtensionTypeProvider.IsPackageManager () [0x00000] in <664162e2bf7f40388b13ee61d1693ae2>:0 
  at Vuforia.EditorClasses.ExtensionTypeProvider.ResolvePluginType () [0x00009] in <664162e2bf7f40388b13ee61d1693ae2>:0 
  at Vuforia.EditorClasses.ExtensionTypeProvider.GetPluginType () [0x0000c] in <664162e2bf7f40388b13ee61d1693ae2>:0 
  at Vuforia.EditorClasses.VuforiaUtilities.IsVuforiaEnabledInPlayerSettings () [0x00000] in <664162e2bf7f40388b13ee61d1693ae2>:0 
  at VuforiaEnabledObserver..cctor () [0x00000] in <664162e2bf7f40388b13ee61d1693ae2>:0 
UnityEngine.StackTraceUtility:ExtractStackTrace ()
UnityEngine.DebugLogHandler:LogFormat (UnityEngine.LogType,UnityEngine.Object,string,object[])
UnityEngine.Logger:Log (UnityEngine.LogType,object)
UnityEngine.Debug:LogError (object)
UnityEditor.EditorAssemblies:ProcessInitializeOnLoadAttributes (System.Type[])

System.NullReferenceException: Object reference not set to an instance of an object
  at Vuforia.EditorClasses.ExtensionTypeProvider.GetVuforiaPackageAbsPath () [0x0004a] in <664162e2bf7f40388b13ee61d1693ae2>:0 
  at Vuforia.EditorClasses.ExtensionTypeProvider.IsPackageManager () [0x00000] in <664162e2bf7f40388b13ee61d1693ae2>:0 
  at Vuforia.EditorClasses.ExtensionTypeProvider.ResolvePluginType () [0x00009] in <664162e2bf7f40388b13ee61d1693ae2>:0 
  at Vuforia.EditorClasses.ExtensionTypeProvider.GetPluginType () [0x0000c] in <664162e2bf7f40388b13ee61d1693ae2>:0 
  at Vuforia.EditorClasses.VuforiaUtilities.IsVuforiaEnabledInPlayerSettings () [0x00000] in <664162e2bf7f40388b13ee61d1693ae2>:0 
  at Vuforia.EditorClasses.InitializeOnLoadVuforiaTaskRunner..cctor () [0x00015] in <664162e2bf7f40388b13ee61d1693ae2>:0 
UnityEngine.StackTraceUtility:ExtractStackTrace ()
UnityEngine.DebugLogHandler:LogFormat (UnityEngine.LogType,UnityEngine.Object,string,object[])
UnityEngine.Logger:Log (UnityEngine.LogType,object)
UnityEngine.Debug:LogError (object)
UnityEditor.EditorAssemblies:ProcessInitializeOnLoadAttributes (System.Type[])

Mono: successfully reloaded assembly
- Completed reload, in  1.003 seconds
Platform modules already initialized, skipping
Switching build target platform(19) subTarget(0) extendedPlatform(0) -> platform(13) subTarget(537395200) extendedPlatform(0)
Shader 'PointClouds/PointSplat': fallback shader 'PointClouds/PointSplatLegacy' not found
Refreshing native plugins compatible for Editor in 0.45 ms, found 4 plugins.
Preloading 1 native plugins for Editor in 0.05 ms.
Unloading 1506 Unused Serialized files (Serialized files now loaded: 0)
System memory in use before: 74.1 MB.
System memory in use after: 74.1 MB.

Unloading 43 unused Assets to reduce memory usage. Loaded Objects now: 2272.
Total: 1.982400 ms (FindLiveObjects: 0.165100 ms CreateObjectMapping: 0.053200 ms MarkObjects: 1.676200 ms  DeleteObjects: 0.087100 ms)

AssetImportParameters requested are different than current active one (requested -> active):
  custom:graphics/normal-map-encoding: 01000000000000000000000000000000 -> 02000000000000000000000000000000
AssetImportWorkerClient::OnTransportError - code=2 error=End of file
